[debug] [2021-10-07T08:09:18.835Z] ----------------------------------------------------------------------
[debug] [2021-10-07T08:09:18.838Z] Command:       C:\Program Files\nodejs\node.exe C:\Users\mrnin\AppData\Roaming\npm\node_modules\firebase-tools\lib\bin\firebase.js init
[debug] [2021-10-07T08:09:18.838Z] CLI Version:   9.19.0
[debug] [2021-10-07T08:09:18.838Z] Platform:      win32
[debug] [2021-10-07T08:09:18.838Z] Node Version:  v14.18.0
[debug] [2021-10-07T08:09:18.839Z] Time:          Thu Oct 07 2021 04:09:18 GMT-0400 (Eastern Daylight Time)
[debug] [2021-10-07T08:09:18.840Z] ----------------------------------------------------------------------
[debug] 
[debug] [2021-10-07T08:09:18.843Z] >>> [apiv2][query] GET https://firebase-public.firebaseio.com/cli.json [none]
[debug] [2021-10-07T08:09:18.875Z] > command requires scopes: ["email","openid","https://www.googleapis.com/auth/cloudplatformprojects.readonly","https://www.googleapis.com/auth/firebase","https://www.googleapis.com/auth/cloud-platform"]
[debug] [2021-10-07T08:09:18.875Z] > authorizing via signed-in user (mrninjaphd@gmail.com)
[info] 
     ######## #### ########  ######## ########     ###     ######  ########
     ##        ##  ##     ## ##       ##     ##  ##   ##  ##       ##
     ######    ##  ########  ######   ########  #########  ######  ######
     ##        ##  ##    ##  ##       ##     ## ##     ##       ## ##
     ##       #### ##     ## ######## ########  ##     ##  ######  ########

You're about to initialize a Firebase project in this directory:

  C:\Users\mrnin\Documents\CSE 416\416training\416train\416training\frontend

[debug] [2021-10-07T08:09:19.019Z] <<< [apiv2][status] GET https://firebase-public.firebaseio.com/cli.json 200
[debug] [2021-10-07T08:09:19.019Z] <<< [apiv2][body] GET https://firebase-public.firebaseio.com/cli.json {"cloudBuildErrorAfter":1594252800000,"cloudBuildWarnAfter":1590019200000,"defaultNode10After":1594252800000,"minVersion":"3.0.5","node8DeploysDisabledAfter":1613390400000,"node8RuntimeDisabledAfter":1615809600000,"node8WarnAfter":1600128000000}
